<?xml version="1.0" encoding="UTF-8"?>
<!-- Generated by org.testng.reporters.JUnitReportReporter -->
<testsuite skipped="0" hostname="MININT-OH7C3JN" name="com.fanniemae.testng.MainTest" tests="1" failures="0" timestamp="18 Jul 2017 19:31:11 GMT" time="30.453" errors="0">
  <testcase name="End2EndTestingFireFox" time="30.453" classname="com.fanniemae.testng.MainTest"/>
</testsuite> <!-- com.fanniemae.testng.MainTest -->
