<?xml version="1.0" encoding="UTF-8"?>
<!-- Generated by org.testng.reporters.JUnitReportReporter -->
<testsuite skipped="2" hostname="MININT-OH7C3JN" name="com.fanniemae.testng.End2EndTestShoppingCartApp" tests="3" failures="0" timestamp="18 Jul 2017 17:42:00 GMT" time="8.835" errors="0">
  <testcase name="test_PhantomJSDriver_ShoppingCartCompleteTestCase" time="8.835" classname="com.fanniemae.testng.End2EndTestShoppingCartApp"/>
  <testcase name="tc_End2EndTestingRegressionShoppingCartApp" classname="com.fanniemae.testng.End2EndTestShoppingCartApp">
    <skipped/>
  </testcase> <!-- tc_End2EndTestingRegressionShoppingCartApp -->
  <testcase name="tc_End2EndTestingShoppingCartApp" classname="com.fanniemae.testng.End2EndTestShoppingCartApp">
    <skipped/>
  </testcase> <!-- tc_End2EndTestingShoppingCartApp -->
</testsuite> <!-- com.fanniemae.testng.End2EndTestShoppingCartApp -->
